# JRE version: OpenJDK Runtime Environment Temurin-21.0.8+9 (21.0.8+9) (build 21.0.8+9-LTS)
# Java VM: OpenJDK 64-Bit Server VM Temurin-21.0.8+9 (21.0.8+9-LTS, mixed mode, sharing, tiered, compressed oops, compressed class ptrs, parallel gc, windows-amd64)
GC Precious Log:
 CardTable entry size: 512
 CPUs: 8 total, 8 available
 Memory: 8089M
 Large Page Support: Disabled
 NUMA Support: Disabled
 Compressed Oops: Enabled (32-bit)
 Alignments: Space 512K, Generation 512K, Heap 2M
 Heap Min Capacity: 100M
 Heap Initial Capacity: 100M
 Heap Max Capacity: 2G
 Pre-touch: Disabled
 Parallel Workers: 8
Heap:
 PSYoungGen      total 18944K, used 6934K [0x00000000d5580000, 0x00000000d6900000, 0x0000000100000000)
  eden space 17920K, 36% used [0x00000000d5580000,0x00000000d5bd9b30,0x00000000d6700000)
  from space 1024K, 42% used [0x00000000d6700000,0x00000000d676c010,0x00000000d6800000)
  to   space 512K, 0% used [0x00000000d6880000,0x00000000d6880000,0x00000000d6900000)
 ParOldGen       total 68608K, used 42165K [0x0000000080000000, 0x0000000084300000, 0x00000000d5580000)
  object space 68608K, 61% used [0x0000000080000000,0x000000008292d4a0,0x0000000084300000)
 Metaspace       used 64454K, committed 65792K, reserved 1114112K
  class space    used 8121K, committed 8768K, reserved 1048576K
GC Heap History (20 events):
Event: 36.999 GC heap before
{Heap before GC invocations=39 (full 3):
 PSYoungGen      total 18944K, used 18938K [0x00000000d5580000, 0x00000000d6a00000, 0x0000000100000000)
  eden space 17920K, 100% used [0x00000000d5580000,0x00000000d6700000,0x00000000d6700000)
  from space 1024K, 99% used [0x00000000d6800000,0x00000000d68fe8d0,0x00000000d6900000)
  to   space 1024K, 0% used [0x00000000d6900000,0x00000000d6900000,0x00000000d6a00000)
 ParOldGen       total 68608K, used 40036K [0x0000000080000000, 0x0000000084300000, 0x00000000d5580000)
  object space 68608K, 58% used [0x0000000080000000,0x0000000082719060,0x0000000084300000)
 Metaspace       used 61570K, committed 62912K, reserved 1114112K
  class space    used 7703K, committed 8320K, reserved 1048576K
}
Event: 37.000 GC heap after
{Heap after GC invocations=39 (full 3):
 PSYoungGen      total 18944K, used 1007K [0x00000000d5580000, 0x00000000d6a00000, 0x0000000100000000)
  eden space 17920K, 0% used [0x00000000d5580000,0x00000000d5580000,0x00000000d6700000)
  from space 1024K, 98% used [0x00000000d6900000,0x00000000d69fbc30,0x00000000d6a00000)
  to   space 1536K, 0% used [0x00000000d6700000,0x00000000d6700000,0x00000000d6880000)
 ParOldGen       total 68608K, used 40249K [0x0000000080000000, 0x0000000084300000, 0x00000000d5580000)
  object space 68608K, 58% used [0x0000000080000000,0x000000008274e508,0x0000000084300000)
 Metaspace       used 61570K, committed 62912K, reserved 1114112K
  class space    used 7703K, committed 8320K, reserved 1048576K
}
Event: 37.131 GC heap before
{Heap before GC invocations=40 (full 3):
 PSYoungGen      total 18944K, used 18927K [0x00000000d5580000, 0x00000000d6a00000, 0x0000000100000000)
  eden space 17920K, 100% used [0x00000000d5580000,0x00000000d6700000,0x00000000d6700000)
  from space 1024K, 98% used [0x00000000d6900000,0x00000000d69fbc30,0x00000000d6a00000)
  to   space 1536K, 0% used [0x00000000d6700000,0x00000000d6700000,0x00000000d6880000)
 ParOldGen       total 68608K, used 40249K [0x0000000080000000, 0x0000000084300000, 0x00000000d5580000)
  object space 68608K, 58% used [0x0000000080000000,0x000000008274e508,0x0000000084300000)
 Metaspace       used 61570K, committed 62912K, reserved 1114112K
  class space    used 7703K, committed 8320K, reserved 1048576K
}
Event: 37.132 GC heap after
{Heap after GC invocations=40 (full 3):
 PSYoungGen      total 19456K, used 745K [0x00000000d5580000, 0x00000000d6980000, 0x0000000100000000)
  eden space 17920K, 0% used [0x00000000d5580000,0x00000000d5580000,0x00000000d6700000)
  from space 1536K, 48% used [0x00000000d6700000,0x00000000d67ba408,0x00000000d6880000)
  to   space 1024K, 0% used [0x00000000d6880000,0x00000000d6880000,0x00000000d6980000)
 ParOldGen       total 68608K, used 40297K [0x0000000080000000, 0x0000000084300000, 0x00000000d5580000)
  object space 68608K, 58% used [0x0000000080000000,0x000000008275a508,0x0000000084300000)
 Metaspace       used 61570K, committed 62912K, reserved 1114112K
  class space    used 7703K, committed 8320K, reserved 1048576K
}
Event: 37.257 GC heap before
{Heap before GC invocations=41 (full 3):
 PSYoungGen      total 19456K, used 18665K [0x00000000d5580000, 0x00000000d6980000, 0x0000000100000000)
  eden space 17920K, 100% used [0x00000000d5580000,0x00000000d6700000,0x00000000d6700000)
  from space 1536K, 48% used [0x00000000d6700000,0x00000000d67ba408,0x00000000d6880000)
  to   space 1024K, 0% used [0x00000000d6880000,0x00000000d6880000,0x00000000d6980000)
 ParOldGen       total 68608K, used 40297K [0x0000000080000000, 0x0000000084300000, 0x00000000d5580000)
  object space 68608K, 58% used [0x0000000080000000,0x000000008275a508,0x0000000084300000)
 Metaspace       used 61570K, committed 62912K, reserved 1114112K
  class space    used 7703K, committed 8320K, reserved 1048576K
}
Event: 37.257 GC heap after
{Heap after GC invocations=41 (full 3):
 PSYoungGen      total 18432K, used 224K [0x00000000d5580000, 0x00000000d6900000, 0x0000000100000000)
  eden space 17920K, 0% used [0x00000000d5580000,0x00000000d5580000,0x00000000d6700000)
  from space 512K, 43% used [0x00000000d6880000,0x00000000d68b8000,0x00000000d6900000)
  to   space 512K, 0% used [0x00000000d6800000,0x00000000d6800000,0x00000000d6880000)
 ParOldGen       total 68608K, used 40329K [0x0000000080000000, 0x0000000084300000, 0x00000000d5580000)
  object space 68608K, 58% used [0x0000000080000000,0x0000000082762508,0x0000000084300000)
 Metaspace       used 61570K, committed 62912K, reserved 1114112K
  class space    used 7703K, committed 8320K, reserved 1048576K
}
Event: 37.365 GC heap before
{Heap before GC invocations=42 (full 3):
 PSYoungGen      total 18432K, used 18144K [0x00000000d5580000, 0x00000000d6900000, 0x0000000100000000)
  eden space 17920K, 100% used [0x00000000d5580000,0x00000000d6700000,0x00000000d6700000)
  from space 512K, 43% used [0x00000000d6880000,0x00000000d68b8000,0x00000000d6900000)
  to   space 512K, 0% used [0x00000000d6800000,0x00000000d6800000,0x00000000d6880000)
 ParOldGen       total 68608K, used 40329K [0x0000000080000000, 0x0000000084300000, 0x00000000d5580000)
  object space 68608K, 58% used [0x0000000080000000,0x0000000082762508,0x0000000084300000)
 Metaspace       used 61572K, committed 62912K, reserved 1114112K
  class space    used 7703K, committed 8320K, reserved 1048576K
}
Event: 37.366 GC heap after
{Heap after GC invocations=42 (full 3):
 PSYoungGen      total 18432K, used 509K [0x00000000d5580000, 0x00000000d6900000, 0x0000000100000000)
  eden space 17920K, 0% used [0x00000000d5580000,0x00000000d5580000,0x00000000d6700000)
  from space 512K, 99% used [0x00000000d6800000,0x00000000d687f610,0x00000000d6880000)
  to   space 512K, 0% used [0x00000000d6880000,0x00000000d6880000,0x00000000d6900000)
 ParOldGen       total 68608K, used 40646K [0x0000000080000000, 0x0000000084300000, 0x00000000d5580000)
  object space 68608K, 59% used [0x0000000080000000,0x00000000827b1a78,0x0000000084300000)
 Metaspace       used 61572K, committed 62912K, reserved 1114112K
  class space    used 7703K, committed 8320K, reserved 1048576K
}
Event: 37.481 GC heap before
{Heap before GC invocations=43 (full 3):
 PSYoungGen      total 18432K, used 18429K [0x00000000d5580000, 0x00000000d6900000, 0x0000000100000000)
  eden space 17920K, 100% used [0x00000000d5580000,0x00000000d6700000,0x00000000d6700000)
  from space 512K, 99% used [0x00000000d6800000,0x00000000d687f610,0x00000000d6880000)
  to   space 512K, 0% used [0x00000000d6880000,0x00000000d6880000,0x00000000d6900000)
 ParOldGen       total 68608K, used 40646K [0x0000000080000000, 0x0000000084300000, 0x00000000d5580000)
  object space 68608K, 59% used [0x0000000080000000,0x00000000827b1a78,0x0000000084300000)
 Metaspace       used 61572K, committed 62912K, reserved 1114112K
  class space    used 7703K, committed 8320K, reserved 1048576K
}
Event: 37.482 GC heap after
{Heap after GC invocations=43 (full 3):
 PSYoungGen      total 18432K, used 511K [0x00000000d5580000, 0x00000000d6a00000, 0x0000000100000000)
  eden space 17920K, 0% used [0x00000000d5580000,0x00000000d5580000,0x00000000d6700000)
  from space 512K, 99% used [0x00000000d6880000,0x00000000d68fff50,0x00000000d6900000)
  to   space 1536K, 0% used [0x00000000d6700000,0x00000000d6700000,0x00000000d6880000)
 ParOldGen       total 68608K, used 41417K [0x0000000080000000, 0x0000000084300000, 0x00000000d5580000)
  object space 68608K, 60% used [0x0000000080000000,0x00000000828726b0,0x0000000084300000)
 Metaspace       used 61572K, committed 62912K, reserved 1114112K
  class space    used 7703K, committed 8320K, reserved 1048576K
}
Event: 37.588 GC heap before
{Heap before GC invocations=44 (full 3):
 PSYoungGen      total 18432K, used 18431K [0x00000000d5580000, 0x00000000d6a00000, 0x0000000100000000)
  eden space 17920K, 100% used [0x00000000d5580000,0x00000000d6700000,0x00000000d6700000)
  from space 512K, 99% used [0x00000000d6880000,0x00000000d68fff50,0x00000000d6900000)
  to   space 1536K, 0% used [0x00000000d6700000,0x00000000d6700000,0x00000000d6880000)
 ParOldGen       total 68608K, used 41417K [0x0000000080000000, 0x0000000084300000, 0x00000000d5580000)
  object space 68608K, 60% used [0x0000000080000000,0x00000000828726b0,0x0000000084300000)
 Metaspace       used 61572K, committed 62912K, reserved 1114112K
  class space    used 7703K, committed 8320K, reserved 1048576K
}
Event: 37.589 GC heap after
{Heap after GC invocations=44 (full 3):
 PSYoungGen      total 19456K, used 966K [0x00000000d5580000, 0x00000000d6a00000, 0x0000000100000000)
  eden space 17920K, 0% used [0x00000000d5580000,0x00000000d5580000,0x00000000d6700000)
  from space 1536K, 62% used [0x00000000d6700000,0x00000000d67f1a30,0x00000000d6880000)
  to   space 1536K, 0% used [0x00000000d6880000,0x00000000d6880000,0x00000000d6a00000)
 ParOldGen       total 68608K, used 41473K [0x0000000080000000, 0x0000000084300000, 0x00000000d5580000)
  object space 68608K, 60% used [0x0000000080000000,0x00000000828806b0,0x0000000084300000)
 Metaspace       used 61572K, committed 62912K, reserved 1114112K
  class space    used 7703K, committed 8320K, reserved 1048576K
}
Event: 37.701 GC heap before
{Heap before GC invocations=45 (full 3):
 PSYoungGen      total 19456K, used 18886K [0x00000000d5580000, 0x00000000d6a00000, 0x0000000100000000)
  eden space 17920K, 100% used [0x00000000d5580000,0x00000000d6700000,0x00000000d6700000)
  from space 1536K, 62% used [0x00000000d6700000,0x00000000d67f1a30,0x00000000d6880000)
  to   space 1536K, 0% used [0x00000000d6880000,0x00000000d6880000,0x00000000d6a00000)
 ParOldGen       total 68608K, used 41473K [0x0000000080000000, 0x0000000084300000, 0x00000000d5580000)
  object space 68608K, 60% used [0x0000000080000000,0x00000000828806b0,0x0000000084300000)
 Metaspace       used 61572K, committed 62912K, reserved 1114112K
  class space    used 7703K, committed 8320K, reserved 1048576K
}
Event: 37.702 GC heap after
{Heap after GC invocations=45 (full 3):
 PSYoungGen      total 18432K, used 330K [0x00000000d5580000, 0x00000000d6900000, 0x0000000100000000)
  eden space 17920K, 0% used [0x00000000d5580000,0x00000000d5580000,0x00000000d6700000)
  from space 512K, 64% used [0x00000000d6880000,0x00000000d68d29a0,0x00000000d6900000)
  to   space 1024K, 0% used [0x00000000d6700000,0x00000000d6700000,0x00000000d6800000)
 ParOldGen       total 68608K, used 41529K [0x0000000080000000, 0x0000000084300000, 0x00000000d5580000)
  object space 68608K, 60% used [0x0000000080000000,0x000000008288e6b0,0x0000000084300000)
 Metaspace       used 61572K, committed 62912K, reserved 1114112K
  class space    used 7703K, committed 8320K, reserved 1048576K
}
Event: 37.838 GC heap before
{Heap before GC invocations=46 (full 3):
 PSYoungGen      total 18432K, used 18250K [0x00000000d5580000, 0x00000000d6900000, 0x0000000100000000)
  eden space 17920K, 100% used [0x00000000d5580000,0x00000000d6700000,0x00000000d6700000)
  from space 512K, 64% used [0x00000000d6880000,0x00000000d68d29a0,0x00000000d6900000)
  to   space 1024K, 0% used [0x00000000d6700000,0x00000000d6700000,0x00000000d6800000)
 ParOldGen       total 68608K, used 41529K [0x0000000080000000, 0x0000000084300000, 0x00000000d5580000)
  object space 68608K, 60% used [0x0000000080000000,0x000000008288e6b0,0x0000000084300000)
 Metaspace       used 61572K, committed 62912K, reserved 1114112K
  class space    used 7703K, committed 8320K, reserved 1048576K
}
Event: 37.838 GC heap after
{Heap after GC invocations=46 (full 3):
 PSYoungGen      total 18944K, used 288K [0x00000000d5580000, 0x00000000d6900000, 0x0000000100000000)
  eden space 17920K, 0% used [0x00000000d5580000,0x00000000d5580000,0x00000000d6700000)
  from space 1024K, 28% used [0x00000000d6700000,0x00000000d6748000,0x00000000d6800000)
  to   space 512K, 0% used [0x00000000d6880000,0x00000000d6880000,0x00000000d6900000)
 ParOldGen       total 68608K, used 41597K [0x0000000080000000, 0x0000000084300000, 0x00000000d5580000)
  object space 68608K, 60% used [0x0000000080000000,0x000000008289f780,0x0000000084300000)
 Metaspace       used 61572K, committed 62912K, reserved 1114112K
  class space    used 7703K, committed 8320K, reserved 1048576K
}
Event: 38.521 GC heap before
{Heap before GC invocations=47 (full 3):
 PSYoungGen      total 18944K, used 18208K [0x00000000d5580000, 0x00000000d6900000, 0x0000000100000000)
  eden space 17920K, 100% used [0x00000000d5580000,0x00000000d6700000,0x00000000d6700000)
  from space 1024K, 28% used [0x00000000d6700000,0x00000000d6748000,0x00000000d6800000)
  to   space 512K, 0% used [0x00000000d6880000,0x00000000d6880000,0x00000000d6900000)
 ParOldGen       total 68608K, used 41597K [0x0000000080000000, 0x0000000084300000, 0x00000000d5580000)
  object space 68608K, 60% used [0x0000000080000000,0x000000008289f780,0x0000000084300000)
 Metaspace       used 63391K, committed 64704K, reserved 1114112K
  class space    used 7996K, committed 8576K, reserved 1048576K
}
Event: 38.522 GC heap after
{Heap after GC invocations=47 (full 3):
 PSYoungGen      total 18432K, used 512K [0x00000000d5580000, 0x00000000d6900000, 0x0000000100000000)
  eden space 17920K, 0% used [0x00000000d5580000,0x00000000d5580000,0x00000000d6700000)
  from space 512K, 100% used [0x00000000d6880000,0x00000000d6900000,0x00000000d6900000)
  to   space 1024K, 0% used [0x00000000d6700000,0x00000000d6700000,0x00000000d6800000)
 ParOldGen       total 68608K, used 41677K [0x0000000080000000, 0x0000000084300000, 0x00000000d5580000)
  object space 68608K, 60% used [0x0000000080000000,0x00000000828b3790,0x0000000084300000)
 Metaspace       used 63391K, committed 64704K, reserved 1114112K
  class space    used 7996K, committed 8576K, reserved 1048576K
}
Event: 40.308 GC heap before
{Heap before GC invocations=48 (full 3):
 PSYoungGen      total 18432K, used 18432K [0x00000000d5580000, 0x00000000d6900000, 0x0000000100000000)
  eden space 17920K, 100% used [0x00000000d5580000,0x00000000d6700000,0x00000000d6700000)
  from space 512K, 100% used [0x00000000d6880000,0x00000000d6900000,0x00000000d6900000)
  to   space 1024K, 0% used [0x00000000d6700000,0x00000000d6700000,0x00000000d6800000)
 ParOldGen       total 68608K, used 41677K [0x0000000080000000, 0x0000000084300000, 0x00000000d5580000)
  object space 68608K, 60% used [0x0000000080000000,0x00000000828b3790,0x0000000084300000)
 Metaspace       used 64403K, committed 65792K, reserved 1114112K
  class space    used 8115K, committed 8768K, reserved 1048576K
}
Event: 40.313 GC heap after
{Heap after GC invocations=48 (full 3):
 PSYoungGen      total 18944K, used 432K [0x00000000d5580000, 0x00000000d6900000, 0x0000000100000000)
  eden space 17920K, 0% used [0x00000000d5580000,0x00000000d5580000,0x00000000d6700000)
  from space 1024K, 42% used [0x00000000d6700000,0x00000000d676c010,0x00000000d6800000)
  to   space 512K, 0% used [0x00000000d6880000,0x00000000d6880000,0x00000000d6900000)
 ParOldGen       total 68608K, used 42165K [0x0000000080000000, 0x0000000084300000, 0x00000000d5580000)
  object space 68608K, 61% used [0x0000000080000000,0x000000008292d4a0,0x0000000084300000)
 Metaspace       used 64403K, committed 65792K, reserved 1114112K
  class space    used 8115K, committed 8768K, reserved 1048576K
}

