# JRE version: Java(TM) SE Runtime Environment (23.0.1+11) (build 23.0.1+11-39)
# Java VM: Java HotSpot(TM) 64-Bit Server VM (23.0.1+11-39, mixed mode, sharing, tiered, compressed oops, compressed class ptrs, g1 gc, windows-amd64)
GC Precious Log:
 CardTable entry size: 512
 Card Set container configuration: InlinePtr #cards 4 size 8 Array Of Cards #cards 32 size 80 Howl #buckets 8 coarsen threshold 7372 Howl Bitmap #cards 1024 size 144 coarsen threshold 921 Card regions per heap region 1 cards per card region 8192
 CPUs: 8 total, 8 available
 Memory: 8089M
 Large Page Support: Disabled
 NUMA Support: Disabled
 Compressed Oops: Enabled (Zero based)
 Heap Region Size: 4M
 Heap Min Capacity: 8M
 Heap Initial Capacity: 128M
 Heap Max Capacity: 8G
 Pre-touch: Disabled
 Parallel Workers: 8
 Concurrent Workers: 2
 Concurrent Refinement Workers: 8
 Periodic GC: Disabled
Heap:
 garbage-first heap   total reserved 8388608K, committed 589824K, used 351573K [0x0000000600000000, 0x0000000800000000)
  region size 4096K, 41 young (167936K), 8 survivors (32768K)
 Metaspace       used 167106K, committed 169984K, reserved 1245184K
  class space    used 22132K, committed 23488K, reserved 1048576K
GC Heap History (20 events):
Event: 1103.731 GC heap before
{Heap before GC invocations=84 (full 0):
 garbage-first heap   total reserved 8388608K, committed 589824K, used 178678K [0x0000000600000000, 0x0000000800000000)
  region size 4096K, 7 young (28672K), 4 survivors (16384K)
 Metaspace       used 104876K, committed 107200K, reserved 1179648K
  class space    used 15190K, committed 16320K, reserved 1048576K
}
Event: 1103.757 GC heap after
{Heap after GC invocations=85 (full 0):
 garbage-first heap   total reserved 8388608K, committed 589824K, used 170562K [0x0000000600000000, 0x0000000800000000)
  region size 4096K, 4 young (16384K), 4 survivors (16384K)
 Metaspace       used 104876K, committed 107200K, reserved 1179648K
  class space    used 15190K, committed 16320K, reserved 1048576K
}
Event: 1111.113 GC heap before
{Heap before GC invocations=86 (full 0):
 garbage-first heap   total reserved 8388608K, committed 589824K, used 531010K [0x0000000600000000, 0x0000000800000000)
  region size 4096K, 86 young (352256K), 4 survivors (16384K)
 Metaspace       used 133500K, committed 136192K, reserved 1179648K
  class space    used 18579K, committed 19840K, reserved 1048576K
}
Event: 1111.144 GC heap after
{Heap after GC invocations=87 (full 0):
 garbage-first heap   total reserved 8388608K, committed 589824K, used 208572K [0x0000000600000000, 0x0000000800000000)
  region size 4096K, 11 young (45056K), 11 survivors (45056K)
 Metaspace       used 133500K, committed 136192K, reserved 1179648K
  class space    used 18579K, committed 19840K, reserved 1048576K
}
Event: 1117.642 GC heap before
{Heap before GC invocations=87 (full 0):
 garbage-first heap   total reserved 8388608K, committed 589824K, used 507580K [0x0000000600000000, 0x0000000800000000)
  region size 4096K, 84 young (344064K), 11 survivors (45056K)
 Metaspace       used 156465K, committed 159296K, reserved 1245184K
  class space    used 20951K, committed 22272K, reserved 1048576K
}
Event: 1117.682 GC heap after
{Heap after GC invocations=88 (full 0):
 garbage-first heap   total reserved 8388608K, committed 589824K, used 207147K [0x0000000600000000, 0x0000000800000000)
  region size 4096K, 3 young (12288K), 3 survivors (12288K)
 Metaspace       used 156465K, committed 159296K, reserved 1245184K
  class space    used 20951K, committed 22272K, reserved 1048576K
}
Event: 1118.786 GC heap before
{Heap before GC invocations=88 (full 0):
 garbage-first heap   total reserved 8388608K, committed 589824K, used 538923K [0x0000000600000000, 0x0000000800000000)
  region size 4096K, 84 young (344064K), 3 survivors (12288K)
 Metaspace       used 156466K, committed 159296K, reserved 1245184K
  class space    used 20951K, committed 22272K, reserved 1048576K
}
Event: 1118.792 GC heap after
{Heap after GC invocations=89 (full 0):
 garbage-first heap   total reserved 8388608K, committed 589824K, used 204663K [0x0000000600000000, 0x0000000800000000)
  region size 4096K, 2 young (8192K), 2 survivors (8192K)
 Metaspace       used 156466K, committed 159296K, reserved 1245184K
  class space    used 20951K, committed 22272K, reserved 1048576K
}
Event: 1120.113 GC heap before
{Heap before GC invocations=90 (full 0):
 garbage-first heap   total reserved 8388608K, committed 589824K, used 544631K [0x0000000600000000, 0x0000000800000000)
  region size 4096K, 85 young (348160K), 2 survivors (8192K)
 Metaspace       used 156485K, committed 159296K, reserved 1245184K
  class space    used 20952K, committed 22272K, reserved 1048576K
}
Event: 1120.122 GC heap after
{Heap after GC invocations=91 (full 0):
 garbage-first heap   total reserved 8388608K, committed 589824K, used 204798K [0x0000000600000000, 0x0000000800000000)
  region size 4096K, 2 young (8192K), 2 survivors (8192K)
 Metaspace       used 156485K, committed 159296K, reserved 1245184K
  class space    used 20952K, committed 22272K, reserved 1048576K
}
Event: 1121.065 GC heap before
{Heap before GC invocations=91 (full 0):
 garbage-first heap   total reserved 8388608K, committed 589824K, used 544766K [0x0000000600000000, 0x0000000800000000)
  region size 4096K, 85 young (348160K), 2 survivors (8192K)
 Metaspace       used 156485K, committed 159296K, reserved 1245184K
  class space    used 20952K, committed 22272K, reserved 1048576K
}
Event: 1121.075 GC heap after
{Heap after GC invocations=92 (full 0):
 garbage-first heap   total reserved 8388608K, committed 589824K, used 201501K [0x0000000600000000, 0x0000000800000000)
  region size 4096K, 2 young (8192K), 2 survivors (8192K)
 Metaspace       used 156485K, committed 159296K, reserved 1245184K
  class space    used 20952K, committed 22272K, reserved 1048576K
}
Event: 1121.801 GC heap before
{Heap before GC invocations=92 (full 0):
 garbage-first heap   total reserved 8388608K, committed 589824K, used 545565K [0x0000000600000000, 0x0000000800000000)
  region size 4096K, 86 young (352256K), 2 survivors (8192K)
 Metaspace       used 156485K, committed 159296K, reserved 1245184K
  class space    used 20952K, committed 22272K, reserved 1048576K
}
Event: 1121.807 GC heap after
{Heap after GC invocations=93 (full 0):
 garbage-first heap   total reserved 8388608K, committed 589824K, used 200794K [0x0000000600000000, 0x0000000800000000)
  region size 4096K, 2 young (8192K), 2 survivors (8192K)
 Metaspace       used 156485K, committed 159296K, reserved 1245184K
  class space    used 20952K, committed 22272K, reserved 1048576K
}
Event: 1122.526 GC heap before
{Heap before GC invocations=94 (full 0):
 garbage-first heap   total reserved 8388608K, committed 589824K, used 544858K [0x0000000600000000, 0x0000000800000000)
  region size 4096K, 86 young (352256K), 2 survivors (8192K)
 Metaspace       used 156485K, committed 159296K, reserved 1245184K
  class space    used 20952K, committed 22272K, reserved 1048576K
}
Event: 1122.532 GC heap after
{Heap after GC invocations=95 (full 0):
 garbage-first heap   total reserved 8388608K, committed 589824K, used 200407K [0x0000000600000000, 0x0000000800000000)
  region size 4096K, 2 young (8192K), 2 survivors (8192K)
 Metaspace       used 156485K, committed 159296K, reserved 1245184K
  class space    used 20952K, committed 22272K, reserved 1048576K
}
Event: 1123.518 GC heap before
{Heap before GC invocations=95 (full 0):
 garbage-first heap   total reserved 8388608K, committed 589824K, used 544471K [0x0000000600000000, 0x0000000800000000)
  region size 4096K, 86 young (352256K), 2 survivors (8192K)
 Metaspace       used 156503K, committed 159360K, reserved 1245184K
  class space    used 20952K, committed 22272K, reserved 1048576K
}
Event: 1123.527 GC heap after
{Heap after GC invocations=96 (full 0):
 garbage-first heap   total reserved 8388608K, committed 589824K, used 199513K [0x0000000600000000, 0x0000000800000000)
  region size 4096K, 2 young (8192K), 2 survivors (8192K)
 Metaspace       used 156503K, committed 159360K, reserved 1245184K
  class space    used 20952K, committed 22272K, reserved 1048576K
}
Event: 1127.113 GC heap before
{Heap before GC invocations=96 (full 0):
 garbage-first heap   total reserved 8388608K, committed 589824K, used 539481K [0x0000000600000000, 0x0000000800000000)
  region size 4096K, 86 young (352256K), 2 survivors (8192K)
 Metaspace       used 158695K, committed 161536K, reserved 1245184K
  class space    used 21070K, committed 22400K, reserved 1048576K
}
Event: 1127.155 GC heap after
{Heap after GC invocations=97 (full 0):
 garbage-first heap   total reserved 8388608K, committed 589824K, used 224597K [0x0000000600000000, 0x0000000800000000)
  region size 4096K, 8 young (32768K), 8 survivors (32768K)
 Metaspace       used 158695K, committed 161536K, reserved 1245184K
  class space    used 21070K, committed 22400K, reserved 1048576K
}

