# JRE version: OpenJDK Runtime Environment Temurin-21.0.8+9 (21.0.8+9) (build 21.0.8+9-LTS)
# Java VM: OpenJDK 64-Bit Server VM Temurin-21.0.8+9 (21.0.8+9-LTS, mixed mode, sharing, tiered, compressed oops, compressed class ptrs, parallel gc, windows-amd64)
GC Precious Log:
 CardTable entry size: 512
 CPUs: 8 total, 8 available
 Memory: 8089M
 Large Page Support: Disabled
 NUMA Support: Disabled
 Compressed Oops: Enabled (32-bit)
 Alignments: Space 512K, Generation 512K, Heap 2M
 Heap Min Capacity: 100M
 Heap Initial Capacity: 100M
 Heap Max Capacity: 2G
 Pre-touch: Disabled
 Parallel Workers: 8
Heap:
 PSYoungGen      total 18432K, used 13277K [0x00000000d5580000, 0x00000000d6b80000, 0x0000000100000000)
  eden space 17920K, 71% used [0x00000000d5580000,0x00000000d61fdfe8,0x00000000d6700000)
  from space 512K, 94% used [0x00000000d6b00000,0x00000000d6b794d0,0x00000000d6b80000)
  to   space 1024K, 0% used [0x00000000d6980000,0x00000000d6980000,0x00000000d6a80000)
 ParOldGen       total 68608K, used 38915K [0x0000000080000000, 0x0000000084300000, 0x00000000d5580000)
  object space 68608K, 56% used [0x0000000080000000,0x0000000082600d38,0x0000000084300000)
 Metaspace       used 61341K, committed 62656K, reserved 1114112K
  class space    used 7684K, committed 8256K, reserved 1048576K
GC Heap History (20 events):
Event: 12.901 GC heap before
{Heap before GC invocations=28 (full 2):
 PSYoungGen      total 19968K, used 19956K [0x00000000d5580000, 0x00000000d7000000, 0x0000000100000000)
  eden space 17920K, 100% used [0x00000000d5580000,0x00000000d6700000,0x00000000d6700000)
  from space 2048K, 99% used [0x00000000d6880000,0x00000000d6a7d330,0x00000000d6a80000)
  to   space 4608K, 0% used [0x00000000d6b80000,0x00000000d6b80000,0x00000000d7000000)
 ParOldGen       total 68608K, used 35582K [0x0000000080000000, 0x0000000084300000, 0x00000000d5580000)
  object space 68608K, 51% used [0x0000000080000000,0x00000000822bfa50,0x0000000084300000)
 Metaspace       used 52925K, committed 54144K, reserved 1114112K
  class space    used 6122K, committed 6656K, reserved 1048576K
}
Event: 12.907 GC heap after
{Heap after GC invocations=28 (full 2):
 PSYoungGen      total 18944K, used 934K [0x00000000d5580000, 0x00000000d6c80000, 0x0000000100000000)
  eden space 17920K, 0% used [0x00000000d5580000,0x00000000d5580000,0x00000000d6700000)
  from space 1024K, 91% used [0x00000000d6b80000,0x00000000d6c69a50,0x00000000d6c80000)
  to   space 2048K, 0% used [0x00000000d6880000,0x00000000d6880000,0x00000000d6a80000)
 ParOldGen       total 68608K, used 37575K [0x0000000080000000, 0x0000000084300000, 0x00000000d5580000)
  object space 68608K, 54% used [0x0000000080000000,0x00000000824b1e30,0x0000000084300000)
 Metaspace       used 52925K, committed 54144K, reserved 1114112K
  class space    used 6122K, committed 6656K, reserved 1048576K
}
Event: 13.565 GC heap before
{Heap before GC invocations=29 (full 2):
 PSYoungGen      total 18944K, used 18854K [0x00000000d5580000, 0x00000000d6c80000, 0x0000000100000000)
  eden space 17920K, 100% used [0x00000000d5580000,0x00000000d6700000,0x00000000d6700000)
  from space 1024K, 91% used [0x00000000d6b80000,0x00000000d6c69a50,0x00000000d6c80000)
  to   space 2048K, 0% used [0x00000000d6880000,0x00000000d6880000,0x00000000d6a80000)
 ParOldGen       total 68608K, used 37575K [0x0000000080000000, 0x0000000084300000, 0x00000000d5580000)
  object space 68608K, 54% used [0x0000000080000000,0x00000000824b1e30,0x0000000084300000)
 Metaspace       used 54707K, committed 55872K, reserved 1114112K
  class space    used 6423K, committed 6912K, reserved 1048576K
}
Event: 13.567 GC heap after
{Heap after GC invocations=29 (full 2):
 PSYoungGen      total 19968K, used 576K [0x00000000d5580000, 0x00000000d6c00000, 0x0000000100000000)
  eden space 17920K, 0% used [0x00000000d5580000,0x00000000d5580000,0x00000000d6700000)
  from space 2048K, 28% used [0x00000000d6880000,0x00000000d6910000,0x00000000d6a80000)
  to   space 1024K, 0% used [0x00000000d6b00000,0x00000000d6b00000,0x00000000d6c00000)
 ParOldGen       total 68608K, used 38335K [0x0000000080000000, 0x0000000084300000, 0x00000000d5580000)
  object space 68608K, 55% used [0x0000000080000000,0x000000008256fe80,0x0000000084300000)
 Metaspace       used 54707K, committed 55872K, reserved 1114112K
  class space    used 6423K, committed 6912K, reserved 1048576K
}
Event: 13.995 GC heap before
{Heap before GC invocations=30 (full 2):
 PSYoungGen      total 19968K, used 18496K [0x00000000d5580000, 0x00000000d6c00000, 0x0000000100000000)
  eden space 17920K, 100% used [0x00000000d5580000,0x00000000d6700000,0x00000000d6700000)
  from space 2048K, 28% used [0x00000000d6880000,0x00000000d6910000,0x00000000d6a80000)
  to   space 1024K, 0% used [0x00000000d6b00000,0x00000000d6b00000,0x00000000d6c00000)
 ParOldGen       total 68608K, used 38335K [0x0000000080000000, 0x0000000084300000, 0x00000000d5580000)
  object space 68608K, 55% used [0x0000000080000000,0x000000008256fe80,0x0000000084300000)
 Metaspace       used 55913K, committed 57152K, reserved 1114112K
  class space    used 6607K, committed 7168K, reserved 1048576K
}
Event: 13.997 GC heap after
{Heap after GC invocations=30 (full 2):
 PSYoungGen      total 18944K, used 630K [0x00000000d5580000, 0x00000000d6c00000, 0x0000000100000000)
  eden space 17920K, 0% used [0x00000000d5580000,0x00000000d5580000,0x00000000d6700000)
  from space 1024K, 61% used [0x00000000d6b00000,0x00000000d6b9d928,0x00000000d6c00000)
  to   space 1024K, 0% used [0x00000000d6a00000,0x00000000d6a00000,0x00000000d6b00000)
 ParOldGen       total 68608K, used 38780K [0x0000000080000000, 0x0000000084300000, 0x00000000d5580000)
  object space 68608K, 56% used [0x0000000080000000,0x00000000825df1d8,0x0000000084300000)
 Metaspace       used 55913K, committed 57152K, reserved 1114112K
  class space    used 6607K, committed 7168K, reserved 1048576K
}
Event: 14.273 GC heap before
{Heap before GC invocations=31 (full 2):
 PSYoungGen      total 18944K, used 18550K [0x00000000d5580000, 0x00000000d6c00000, 0x0000000100000000)
  eden space 17920K, 99% used [0x00000000d5580000,0x00000000d66fffd8,0x00000000d6700000)
  from space 1024K, 61% used [0x00000000d6b00000,0x00000000d6b9d928,0x00000000d6c00000)
  to   space 1024K, 0% used [0x00000000d6a00000,0x00000000d6a00000,0x00000000d6b00000)
 ParOldGen       total 68608K, used 38780K [0x0000000080000000, 0x0000000084300000, 0x00000000d5580000)
  object space 68608K, 56% used [0x0000000080000000,0x00000000825df1d8,0x0000000084300000)
 Metaspace       used 57089K, committed 58304K, reserved 1114112K
  class space    used 6801K, committed 7360K, reserved 1048576K
}
Event: 14.274 GC heap after
{Heap after GC invocations=31 (full 2):
 PSYoungGen      total 18944K, used 1019K [0x00000000d5580000, 0x00000000d6b80000, 0x0000000100000000)
  eden space 17920K, 0% used [0x00000000d5580000,0x00000000d5580000,0x00000000d6700000)
  from space 1024K, 99% used [0x00000000d6a00000,0x00000000d6afef08,0x00000000d6b00000)
  to   space 512K, 0% used [0x00000000d6b00000,0x00000000d6b00000,0x00000000d6b80000)
 ParOldGen       total 68608K, used 39356K [0x0000000080000000, 0x0000000084300000, 0x00000000d5580000)
  object space 68608K, 57% used [0x0000000080000000,0x000000008266f240,0x0000000084300000)
 Metaspace       used 57089K, committed 58304K, reserved 1114112K
  class space    used 6801K, committed 7360K, reserved 1048576K
}
Event: 14.455 GC heap before
{Heap before GC invocations=32 (full 2):
 PSYoungGen      total 18944K, used 18939K [0x00000000d5580000, 0x00000000d6b80000, 0x0000000100000000)
  eden space 17920K, 100% used [0x00000000d5580000,0x00000000d6700000,0x00000000d6700000)
  from space 1024K, 99% used [0x00000000d6a00000,0x00000000d6afef08,0x00000000d6b00000)
  to   space 512K, 0% used [0x00000000d6b00000,0x00000000d6b00000,0x00000000d6b80000)
 ParOldGen       total 68608K, used 39356K [0x0000000080000000, 0x0000000084300000, 0x00000000d5580000)
  object space 68608K, 57% used [0x0000000080000000,0x000000008266f240,0x0000000084300000)
 Metaspace       used 58341K, committed 59584K, reserved 1114112K
  class space    used 7045K, committed 7616K, reserved 1048576K
}
Event: 14.456 GC heap after
{Heap after GC invocations=32 (full 2):
 PSYoungGen      total 18432K, used 352K [0x00000000d5580000, 0x00000000d6b80000, 0x0000000100000000)
  eden space 17920K, 0% used [0x00000000d5580000,0x00000000d5580000,0x00000000d6700000)
  from space 512K, 68% used [0x00000000d6b00000,0x00000000d6b58000,0x00000000d6b80000)
  to   space 1024K, 0% used [0x00000000d6980000,0x00000000d6980000,0x00000000d6a80000)
 ParOldGen       total 68608K, used 40253K [0x0000000080000000, 0x0000000084300000, 0x00000000d5580000)
  object space 68608K, 58% used [0x0000000080000000,0x000000008274f6c0,0x0000000084300000)
 Metaspace       used 58341K, committed 59584K, reserved 1114112K
  class space    used 7045K, committed 7616K, reserved 1048576K
}
Event: 14.478 GC heap before
{Heap before GC invocations=33 (full 2):
 PSYoungGen      total 18432K, used 3276K [0x00000000d5580000, 0x00000000d6b80000, 0x0000000100000000)
  eden space 17920K, 16% used [0x00000000d5580000,0x00000000d585b300,0x00000000d6700000)
  from space 512K, 68% used [0x00000000d6b00000,0x00000000d6b58000,0x00000000d6b80000)
  to   space 1024K, 0% used [0x00000000d6980000,0x00000000d6980000,0x00000000d6a80000)
 ParOldGen       total 68608K, used 40253K [0x0000000080000000, 0x0000000084300000, 0x00000000d5580000)
  object space 68608K, 58% used [0x0000000080000000,0x000000008274f6c0,0x0000000084300000)
 Metaspace       used 58542K, committed 59776K, reserved 1114112K
  class space    used 7096K, committed 7680K, reserved 1048576K
}
Event: 14.479 GC heap after
{Heap after GC invocations=33 (full 2):
 PSYoungGen      total 18944K, used 256K [0x00000000d5580000, 0x00000000d6b80000, 0x0000000100000000)
  eden space 17920K, 0% used [0x00000000d5580000,0x00000000d5580000,0x00000000d6700000)
  from space 1024K, 25% used [0x00000000d6980000,0x00000000d69c0000,0x00000000d6a80000)
  to   space 512K, 0% used [0x00000000d6b00000,0x00000000d6b00000,0x00000000d6b80000)
 ParOldGen       total 68608K, used 40373K [0x0000000080000000, 0x0000000084300000, 0x00000000d5580000)
  object space 68608K, 58% used [0x0000000080000000,0x000000008276d6c0,0x0000000084300000)
 Metaspace       used 58542K, committed 59776K, reserved 1114112K
  class space    used 7096K, committed 7680K, reserved 1048576K
}
Event: 14.479 GC heap before
{Heap before GC invocations=34 (full 3):
 PSYoungGen      total 18944K, used 256K [0x00000000d5580000, 0x00000000d6b80000, 0x0000000100000000)
  eden space 17920K, 0% used [0x00000000d5580000,0x00000000d5580000,0x00000000d6700000)
  from space 1024K, 25% used [0x00000000d6980000,0x00000000d69c0000,0x00000000d6a80000)
  to   space 512K, 0% used [0x00000000d6b00000,0x00000000d6b00000,0x00000000d6b80000)
 ParOldGen       total 68608K, used 40373K [0x0000000080000000, 0x0000000084300000, 0x00000000d5580000)
  object space 68608K, 58% used [0x0000000080000000,0x000000008276d6c0,0x0000000084300000)
 Metaspace       used 58542K, committed 59776K, reserved 1114112K
  class space    used 7096K, committed 7680K, reserved 1048576K
}
Event: 14.543 GC heap after
{Heap after GC invocations=34 (full 3):
 PSYoungGen      total 18944K, used 0K [0x00000000d5580000, 0x00000000d6b80000, 0x0000000100000000)
  eden space 17920K, 0% used [0x00000000d5580000,0x00000000d5580000,0x00000000d6700000)
  from space 1024K, 0% used [0x00000000d6980000,0x00000000d6980000,0x00000000d6a80000)
  to   space 512K, 0% used [0x00000000d6b00000,0x00000000d6b00000,0x00000000d6b80000)
 ParOldGen       total 68608K, used 38481K [0x0000000080000000, 0x0000000084300000, 0x00000000d5580000)
  object space 68608K, 56% used [0x0000000080000000,0x00000000825944d0,0x0000000084300000)
 Metaspace       used 58540K, committed 59776K, reserved 1114112K
  class space    used 7095K, committed 7680K, reserved 1048576K
}
Event: 14.718 GC heap before
{Heap before GC invocations=35 (full 3):
 PSYoungGen      total 18944K, used 17920K [0x00000000d5580000, 0x00000000d6b80000, 0x0000000100000000)
  eden space 17920K, 100% used [0x00000000d5580000,0x00000000d6700000,0x00000000d6700000)
  from space 1024K, 0% used [0x00000000d6980000,0x00000000d6980000,0x00000000d6a80000)
  to   space 512K, 0% used [0x00000000d6b00000,0x00000000d6b00000,0x00000000d6b80000)
 ParOldGen       total 68608K, used 38481K [0x0000000080000000, 0x0000000084300000, 0x00000000d5580000)
  object space 68608K, 56% used [0x0000000080000000,0x00000000825944d0,0x0000000084300000)
 Metaspace       used 59436K, committed 60672K, reserved 1114112K
  class space    used 7332K, committed 7872K, reserved 1048576K
}
Event: 14.718 GC heap after
{Heap after GC invocations=35 (full 3):
 PSYoungGen      total 18432K, used 453K [0x00000000d5580000, 0x00000000d6b80000, 0x0000000100000000)
  eden space 17920K, 0% used [0x00000000d5580000,0x00000000d5580000,0x00000000d6700000)
  from space 512K, 88% used [0x00000000d6b00000,0x00000000d6b71528,0x00000000d6b80000)
  to   space 512K, 0% used [0x00000000d6a80000,0x00000000d6a80000,0x00000000d6b00000)
 ParOldGen       total 68608K, used 38550K [0x0000000080000000, 0x0000000084300000, 0x00000000d5580000)
  object space 68608K, 56% used [0x0000000080000000,0x00000000825a59f8,0x0000000084300000)
 Metaspace       used 59436K, committed 60672K, reserved 1114112K
  class space    used 7332K, committed 7872K, reserved 1048576K
}
Event: 14.876 GC heap before
{Heap before GC invocations=36 (full 3):
 PSYoungGen      total 18432K, used 18362K [0x00000000d5580000, 0x00000000d6b80000, 0x0000000100000000)
  eden space 17920K, 99% used [0x00000000d5580000,0x00000000d66fd5b8,0x00000000d6700000)
  from space 512K, 88% used [0x00000000d6b00000,0x00000000d6b71528,0x00000000d6b80000)
  to   space 512K, 0% used [0x00000000d6a80000,0x00000000d6a80000,0x00000000d6b00000)
 ParOldGen       total 68608K, used 38550K [0x0000000080000000, 0x0000000084300000, 0x00000000d5580000)
  object space 68608K, 56% used [0x0000000080000000,0x00000000825a59f8,0x0000000084300000)
 Metaspace       used 60290K, committed 61504K, reserved 1114112K
  class space    used 7541K, committed 8064K, reserved 1048576K
}
Event: 14.878 GC heap after
{Heap after GC invocations=36 (full 3):
 PSYoungGen      total 18432K, used 421K [0x00000000d5580000, 0x00000000d6b80000, 0x0000000100000000)
  eden space 17920K, 0% used [0x00000000d5580000,0x00000000d5580000,0x00000000d6700000)
  from space 512K, 82% used [0x00000000d6a80000,0x00000000d6ae94d0,0x00000000d6b00000)
  to   space 512K, 0% used [0x00000000d6b00000,0x00000000d6b00000,0x00000000d6b80000)
 ParOldGen       total 68608K, used 38744K [0x0000000080000000, 0x0000000084300000, 0x00000000d5580000)
  object space 68608K, 56% used [0x0000000080000000,0x00000000825d61b8,0x0000000084300000)
 Metaspace       used 60290K, committed 61504K, reserved 1114112K
  class space    used 7541K, committed 8064K, reserved 1048576K
}
Event: 15.123 GC heap before
{Heap before GC invocations=37 (full 3):
 PSYoungGen      total 18432K, used 18341K [0x00000000d5580000, 0x00000000d6b80000, 0x0000000100000000)
  eden space 17920K, 100% used [0x00000000d5580000,0x00000000d6700000,0x00000000d6700000)
  from space 512K, 82% used [0x00000000d6a80000,0x00000000d6ae94d0,0x00000000d6b00000)
  to   space 512K, 0% used [0x00000000d6b00000,0x00000000d6b00000,0x00000000d6b80000)
 ParOldGen       total 68608K, used 38744K [0x0000000080000000, 0x0000000084300000, 0x00000000d5580000)
  object space 68608K, 56% used [0x0000000080000000,0x00000000825d61b8,0x0000000084300000)
 Metaspace       used 61341K, committed 62656K, reserved 1114112K
  class space    used 7684K, committed 8256K, reserved 1048576K
}
Event: 15.124 GC heap after
{Heap after GC invocations=37 (full 3):
 PSYoungGen      total 18432K, used 485K [0x00000000d5580000, 0x00000000d6b80000, 0x0000000100000000)
  eden space 17920K, 0% used [0x00000000d5580000,0x00000000d5580000,0x00000000d6700000)
  from space 512K, 94% used [0x00000000d6b00000,0x00000000d6b794d0,0x00000000d6b80000)
  to   space 1024K, 0% used [0x00000000d6980000,0x00000000d6980000,0x00000000d6a80000)
 ParOldGen       total 68608K, used 38915K [0x0000000080000000, 0x0000000084300000, 0x00000000d5580000)
  object space 68608K, 56% used [0x0000000080000000,0x0000000082600d38,0x0000000084300000)
 Metaspace       used 61341K, committed 62656K, reserved 1114112K
  class space    used 7684K, committed 8256K, reserved 1048576K
}

