# JRE version: Java(TM) SE Runtime Environment (23.0.1+11) (build 23.0.1+11-39)
# Java VM: Java HotSpot(TM) 64-Bit Server VM (23.0.1+11-39, mixed mode, sharing, tiered, compressed oops, compressed class ptrs, g1 gc, windows-amd64)
GC Precious Log:
 CardTable entry size: 512
 Card Set container configuration: InlinePtr #cards 4 size 8 Array Of Cards #cards 32 size 80 Howl #buckets 8 coarsen threshold 7372 Howl Bitmap #cards 1024 size 144 coarsen threshold 921 Card regions per heap region 1 cards per card region 8192
 CPUs: 8 total, 8 available
 Memory: 8089M
 Large Page Support: Disabled
 NUMA Support: Disabled
 Compressed Oops: Enabled (Zero based)
 Heap Region Size: 4M
 Heap Min Capacity: 8M
 Heap Initial Capacity: 128M
 Heap Max Capacity: 8G
 Pre-touch: Disabled
 Parallel Workers: 8
 Concurrent Workers: 2
 Concurrent Refinement Workers: 8
 Periodic GC: Disabled
Heap:
 garbage-first heap   total reserved 8388608K, committed 348160K, used 224966K [0x0000000600000000, 0x0000000800000000)
  region size 4096K, 16 young (65536K), 4 survivors (16384K)
 Metaspace       used 186071K, committed 189248K, reserved 1245184K
  class space    used 24978K, committed 26496K, reserved 1048576K
GC Heap History (20 events):
Event: 58.347 GC heap before
{Heap before GC invocations=68 (full 0):
 garbage-first heap   total reserved 8388608K, committed 323584K, used 292297K [0x0000000600000000, 0x0000000800000000)
  region size 4096K, 25 young (102400K), 2 survivors (8192K)
 Metaspace       used 167693K, committed 170624K, reserved 1245184K
  class space    used 22661K, committed 24064K, reserved 1048576K
}
Event: 58.361 GC heap after
{Heap after GC invocations=69 (full 0):
 garbage-first heap   total reserved 8388608K, committed 323584K, used 198924K [0x0000000600000000, 0x0000000800000000)
  region size 4096K, 3 young (12288K), 3 survivors (12288K)
 Metaspace       used 167693K, committed 170624K, reserved 1245184K
  class space    used 22661K, committed 24064K, reserved 1048576K
}
Event: 60.729 GC heap before
{Heap before GC invocations=69 (full 0):
 garbage-first heap   total reserved 8388608K, committed 323584K, used 284940K [0x0000000600000000, 0x0000000800000000)
  region size 4096K, 25 young (102400K), 3 survivors (12288K)
 Metaspace       used 172800K, committed 175744K, reserved 1245184K
  class space    used 23229K, committed 24640K, reserved 1048576K
}
Event: 60.743 GC heap after
{Heap after GC invocations=70 (full 0):
 garbage-first heap   total reserved 8388608K, committed 323584K, used 206959K [0x0000000600000000, 0x0000000800000000)
  region size 4096K, 3 young (12288K), 3 survivors (12288K)
 Metaspace       used 172800K, committed 175744K, reserved 1245184K
  class space    used 23229K, committed 24640K, reserved 1048576K
}
Event: 61.298 GC heap before
{Heap before GC invocations=71 (full 0):
 garbage-first heap   total reserved 8388608K, committed 348160K, used 284783K [0x0000000600000000, 0x0000000800000000)
  region size 4096K, 23 young (94208K), 3 survivors (12288K)
 Metaspace       used 173085K, committed 176064K, reserved 1245184K
  class space    used 23258K, committed 24704K, reserved 1048576K
}
Event: 61.305 GC heap after
{Heap after GC invocations=72 (full 0):
 garbage-first heap   total reserved 8388608K, committed 348160K, used 206443K [0x0000000600000000, 0x0000000800000000)
  region size 4096K, 2 young (8192K), 2 survivors (8192K)
 Metaspace       used 173085K, committed 176064K, reserved 1245184K
  class space    used 23258K, committed 24704K, reserved 1048576K
}
Event: 90.569 GC heap before
{Heap before GC invocations=72 (full 0):
 garbage-first heap   total reserved 8388608K, committed 348160K, used 312939K [0x0000000600000000, 0x0000000800000000)
  region size 4096K, 28 young (114688K), 2 survivors (8192K)
 Metaspace       used 173667K, committed 176640K, reserved 1245184K
  class space    used 23340K, committed 24768K, reserved 1048576K
}
Event: 90.573 GC heap after
{Heap after GC invocations=73 (full 0):
 garbage-first heap   total reserved 8388608K, committed 348160K, used 197589K [0x0000000600000000, 0x0000000800000000)
  region size 4096K, 1 young (4096K), 1 survivors (4096K)
 Metaspace       used 173667K, committed 176640K, reserved 1245184K
  class space    used 23340K, committed 24768K, reserved 1048576K
}
Event: 95.064 GC heap before
{Heap before GC invocations=73 (full 0):
 garbage-first heap   total reserved 8388608K, committed 348160K, used 308181K [0x0000000600000000, 0x0000000800000000)
  region size 4096K, 28 young (114688K), 1 survivors (4096K)
 Metaspace       used 173761K, committed 176704K, reserved 1245184K
  class space    used 23343K, committed 24768K, reserved 1048576K
}
Event: 95.069 GC heap after
{Heap after GC invocations=74 (full 0):
 garbage-first heap   total reserved 8388608K, committed 348160K, used 202357K [0x0000000600000000, 0x0000000800000000)
  region size 4096K, 2 young (8192K), 2 survivors (8192K)
 Metaspace       used 173761K, committed 176704K, reserved 1245184K
  class space    used 23343K, committed 24768K, reserved 1048576K
}
Event: 112.286 GC heap before
{Heap before GC invocations=74 (full 0):
 garbage-first heap   total reserved 8388608K, committed 348160K, used 312949K [0x0000000600000000, 0x0000000800000000)
  region size 4096K, 29 young (118784K), 2 survivors (8192K)
 Metaspace       used 173762K, committed 176704K, reserved 1245184K
  class space    used 23343K, committed 24768K, reserved 1048576K
}
Event: 112.290 GC heap after
{Heap after GC invocations=75 (full 0):
 garbage-first heap   total reserved 8388608K, committed 348160K, used 202831K [0x0000000600000000, 0x0000000800000000)
  region size 4096K, 2 young (8192K), 2 survivors (8192K)
 Metaspace       used 173762K, committed 176704K, reserved 1245184K
  class space    used 23343K, committed 24768K, reserved 1048576K
}
Event: 124.246 GC heap before
{Heap before GC invocations=76 (full 0):
 garbage-first heap   total reserved 8388608K, committed 348160K, used 317519K [0x0000000600000000, 0x0000000800000000)
  region size 4096K, 30 young (122880K), 2 survivors (8192K)
 Metaspace       used 173765K, committed 176704K, reserved 1245184K
  class space    used 23343K, committed 24768K, reserved 1048576K
}
Event: 124.252 GC heap after
{Heap after GC invocations=77 (full 0):
 garbage-first heap   total reserved 8388608K, committed 348160K, used 202414K [0x0000000600000000, 0x0000000800000000)
  region size 4096K, 2 young (8192K), 2 survivors (8192K)
 Metaspace       used 173765K, committed 176704K, reserved 1245184K
  class space    used 23343K, committed 24768K, reserved 1048576K
}
Event: 130.779 GC heap before
{Heap before GC invocations=77 (full 0):
 garbage-first heap   total reserved 8388608K, committed 348160K, used 317102K [0x0000000600000000, 0x0000000800000000)
  region size 4096K, 30 young (122880K), 2 survivors (8192K)
 Metaspace       used 173766K, committed 176704K, reserved 1245184K
  class space    used 23343K, committed 24768K, reserved 1048576K
}
Event: 130.787 GC heap after
{Heap after GC invocations=78 (full 0):
 garbage-first heap   total reserved 8388608K, committed 348160K, used 185346K [0x0000000600000000, 0x0000000800000000)
  region size 4096K, 2 young (8192K), 2 survivors (8192K)
 Metaspace       used 173766K, committed 176704K, reserved 1245184K
  class space    used 23343K, committed 24768K, reserved 1048576K
}
Event: 141.836 GC heap before
{Heap before GC invocations=78 (full 0):
 garbage-first heap   total reserved 8388608K, committed 348160K, used 316418K [0x0000000600000000, 0x0000000800000000)
  region size 4096K, 34 young (139264K), 2 survivors (8192K)
 Metaspace       used 180300K, committed 183360K, reserved 1245184K
  class space    used 24136K, committed 25600K, reserved 1048576K
}
Event: 141.846 GC heap after
{Heap after GC invocations=79 (full 0):
 garbage-first heap   total reserved 8388608K, committed 348160K, used 189084K [0x0000000600000000, 0x0000000800000000)
  region size 4096K, 3 young (12288K), 3 survivors (12288K)
 Metaspace       used 180300K, committed 183360K, reserved 1245184K
  class space    used 24136K, committed 25600K, reserved 1048576K
}
Event: 164.220 GC heap before
{Heap before GC invocations=80 (full 0):
 garbage-first heap   total reserved 8388608K, committed 348160K, used 311964K [0x0000000600000000, 0x0000000800000000)
  region size 4096K, 33 young (135168K), 3 survivors (12288K)
 Metaspace       used 182933K, committed 185984K, reserved 1245184K
  class space    used 24547K, committed 25984K, reserved 1048576K
}
Event: 164.234 GC heap after
{Heap after GC invocations=81 (full 0):
 garbage-first heap   total reserved 8388608K, committed 348160K, used 184006K [0x0000000600000000, 0x0000000800000000)
  region size 4096K, 4 young (16384K), 4 survivors (16384K)
 Metaspace       used 182933K, committed 185984K, reserved 1245184K
  class space    used 24547K, committed 25984K, reserved 1048576K
}

