# JRE version: Java(TM) SE Runtime Environment (23.0.1+11) (build 23.0.1+11-39)
# Java VM: Java HotSpot(TM) 64-Bit Server VM (23.0.1+11-39, mixed mode, sharing, tiered, compressed oops, compressed class ptrs, g1 gc, windows-amd64)
GC Precious Log:
 CardTable entry size: 512
 Card Set container configuration: InlinePtr #cards 5 size 8 Array Of Cards #cards 10 size 36 Howl #buckets 4 coarsen threshold 1843 Howl Bitmap #cards 512 size 80 coarsen threshold 460 Card regions per heap region 1 cards per card region 2048
 CPUs: 8 total, 8 available
 Memory: 8089M
 Large Page Support: Disabled
 NUMA Support: Disabled
 Compressed Oops: Enabled (32-bit)
 Heap Region Size: 1M
 Heap Min Capacity: 8M
 Heap Initial Capacity: 128M
 Heap Max Capacity: 2024M
 Pre-touch: Disabled
 Parallel Workers: 8
 Concurrent Workers: 2
 Concurrent Refinement Workers: 8
 Periodic GC: Disabled
Heap:
 garbage-first heap   total reserved 2072576K, committed 150528K, used 96528K [0x0000000081800000, 0x0000000100000000)
  region size 1024K, 9 young (9216K), 6 survivors (6144K)
 Metaspace       used 67769K, committed 68736K, reserved 1114112K
  class space    used 7719K, committed 8192K, reserved 1048576K
GC Heap History (20 events):
Event: 18.175 GC heap before
{Heap before GC invocations=14 (full 0):
 garbage-first heap   total reserved 2072576K, committed 100352K, used 88381K [0x0000000081800000, 0x0000000100000000)
  region size 1024K, 29 young (29696K), 4 survivors (4096K)
 Metaspace       used 52659K, committed 53568K, reserved 1114112K
  class space    used 6506K, committed 6912K, reserved 1048576K
}
Event: 18.195 GC heap after
{Heap after GC invocations=15 (full 0):
 garbage-first heap   total reserved 2072576K, committed 100352K, used 65308K [0x0000000081800000, 0x0000000100000000)
  region size 1024K, 4 young (4096K), 4 survivors (4096K)
 Metaspace       used 52659K, committed 53568K, reserved 1114112K
  class space    used 6506K, committed 6912K, reserved 1048576K
}
Event: 19.691 GC heap before
{Heap before GC invocations=15 (full 0):
 garbage-first heap   total reserved 2072576K, committed 100352K, used 87836K [0x0000000081800000, 0x0000000100000000)
  region size 1024K, 27 young (27648K), 4 survivors (4096K)
 Metaspace       used 53775K, committed 54720K, reserved 1114112K
  class space    used 6546K, committed 6976K, reserved 1048576K
}
Event: 19.712 GC heap after
{Heap after GC invocations=16 (full 0):
 garbage-first heap   total reserved 2072576K, committed 120832K, used 68907K [0x0000000081800000, 0x0000000100000000)
  region size 1024K, 4 young (4096K), 4 survivors (4096K)
 Metaspace       used 53775K, committed 54720K, reserved 1114112K
  class space    used 6546K, committed 6976K, reserved 1048576K
}
Event: 21.261 GC heap before
{Heap before GC invocations=17 (full 0):
 garbage-first heap   total reserved 2072576K, committed 120832K, used 104747K [0x0000000081800000, 0x0000000100000000)
  region size 1024K, 39 young (39936K), 4 survivors (4096K)
 Metaspace       used 54620K, committed 55488K, reserved 1114112K
  class space    used 6569K, committed 6976K, reserved 1048576K
}
Event: 21.281 GC heap after
{Heap after GC invocations=18 (full 0):
 garbage-first heap   total reserved 2072576K, committed 120832K, used 73363K [0x0000000081800000, 0x0000000100000000)
  region size 1024K, 5 young (5120K), 5 survivors (5120K)
 Metaspace       used 54620K, committed 55488K, reserved 1114112K
  class space    used 6569K, committed 6976K, reserved 1048576K
}
Event: 23.512 GC heap before
{Heap before GC invocations=18 (full 0):
 garbage-first heap   total reserved 2072576K, committed 120832K, used 107155K [0x0000000081800000, 0x0000000100000000)
  region size 1024K, 38 young (38912K), 5 survivors (5120K)
 Metaspace       used 55417K, committed 56320K, reserved 1114112K
  class space    used 6582K, committed 7040K, reserved 1048576K
}
Event: 23.538 GC heap after
{Heap after GC invocations=19 (full 0):
 garbage-first heap   total reserved 2072576K, committed 120832K, used 76132K [0x0000000081800000, 0x0000000100000000)
  region size 1024K, 4 young (4096K), 4 survivors (4096K)
 Metaspace       used 55417K, committed 56320K, reserved 1114112K
  class space    used 6582K, committed 7040K, reserved 1048576K
}
Event: 24.605 GC heap before
{Heap before GC invocations=19 (full 0):
 garbage-first heap   total reserved 2072576K, committed 120832K, used 95588K [0x0000000081800000, 0x0000000100000000)
  region size 1024K, 24 young (24576K), 4 survivors (4096K)
 Metaspace       used 55670K, committed 56576K, reserved 1114112K
  class space    used 6592K, committed 7040K, reserved 1048576K
}
Event: 24.621 GC heap after
{Heap after GC invocations=20 (full 0):
 garbage-first heap   total reserved 2072576K, committed 120832K, used 79403K [0x0000000081800000, 0x0000000100000000)
  region size 1024K, 3 young (3072K), 3 survivors (3072K)
 Metaspace       used 55670K, committed 56576K, reserved 1114112K
  class space    used 6592K, committed 7040K, reserved 1048576K
}
Event: 25.654 GC heap before
{Heap before GC invocations=21 (full 0):
 garbage-first heap   total reserved 2072576K, committed 137216K, used 111147K [0x0000000081800000, 0x0000000100000000)
  region size 1024K, 32 young (32768K), 3 survivors (3072K)
 Metaspace       used 56028K, committed 56896K, reserved 1114112K
  class space    used 6614K, committed 7040K, reserved 1048576K
}
Event: 25.663 GC heap after
{Heap after GC invocations=22 (full 0):
 garbage-first heap   total reserved 2072576K, committed 137216K, used 84268K [0x0000000081800000, 0x0000000100000000)
  region size 1024K, 4 young (4096K), 4 survivors (4096K)
 Metaspace       used 56028K, committed 56896K, reserved 1114112K
  class space    used 6614K, committed 7040K, reserved 1048576K
}
Event: 27.052 GC heap before
{Heap before GC invocations=22 (full 0):
 garbage-first heap   total reserved 2072576K, committed 137216K, used 122156K [0x0000000081800000, 0x0000000100000000)
  region size 1024K, 41 young (41984K), 4 survivors (4096K)
 Metaspace       used 56534K, committed 57408K, reserved 1114112K
  class space    used 6658K, committed 7104K, reserved 1048576K
}
Event: 27.069 GC heap after
{Heap after GC invocations=23 (full 0):
 garbage-first heap   total reserved 2072576K, committed 137216K, used 86914K [0x0000000081800000, 0x0000000100000000)
  region size 1024K, 6 young (6144K), 6 survivors (6144K)
 Metaspace       used 56534K, committed 57408K, reserved 1114112K
  class space    used 6658K, committed 7104K, reserved 1048576K
}
Event: 29.135 GC heap before
{Heap before GC invocations=23 (full 0):
 garbage-first heap   total reserved 2072576K, committed 137216K, used 122754K [0x0000000081800000, 0x0000000100000000)
  region size 1024K, 41 young (41984K), 6 survivors (6144K)
 Metaspace       used 56882K, committed 57792K, reserved 1114112K
  class space    used 6678K, committed 7104K, reserved 1048576K
}
Event: 29.154 GC heap after
{Heap after GC invocations=24 (full 0):
 garbage-first heap   total reserved 2072576K, committed 137216K, used 89796K [0x0000000081800000, 0x0000000100000000)
  region size 1024K, 3 young (3072K), 3 survivors (3072K)
 Metaspace       used 56882K, committed 57792K, reserved 1114112K
  class space    used 6678K, committed 7104K, reserved 1048576K
}
Event: 32.106 GC heap before
{Heap before GC invocations=25 (full 0):
 garbage-first heap   total reserved 2072576K, committed 150528K, used 125636K [0x0000000081800000, 0x0000000100000000)
  region size 1024K, 38 young (38912K), 3 survivors (3072K)
 Metaspace       used 59451K, committed 60352K, reserved 1114112K
  class space    used 6945K, committed 7360K, reserved 1048576K
}
Event: 32.118 GC heap after
{Heap after GC invocations=26 (full 0):
 garbage-first heap   total reserved 2072576K, committed 150528K, used 91136K [0x0000000081800000, 0x0000000100000000)
  region size 1024K, 4 young (4096K), 4 survivors (4096K)
 Metaspace       used 59451K, committed 60352K, reserved 1114112K
  class space    used 6945K, committed 7360K, reserved 1048576K
}
Event: 38.243 GC heap before
{Heap before GC invocations=26 (full 0):
 garbage-first heap   total reserved 2072576K, committed 150528K, used 138240K [0x0000000081800000, 0x0000000100000000)
  region size 1024K, 50 young (51200K), 4 survivors (4096K)
 Metaspace       used 67532K, committed 68544K, reserved 1114112K
  class space    used 7713K, committed 8192K, reserved 1048576K
}
Event: 38.273 GC heap after
{Heap after GC invocations=27 (full 0):
 garbage-first heap   total reserved 2072576K, committed 150528K, used 94480K [0x0000000081800000, 0x0000000100000000)
  region size 1024K, 6 young (6144K), 6 survivors (6144K)
 Metaspace       used 67532K, committed 68544K, reserved 1114112K
  class space    used 7713K, committed 8192K, reserved 1048576K
}

