# JRE version: Java(TM) SE Runtime Environment (23.0.1+11) (build 23.0.1+11-39)
# Java VM: Java HotSpot(TM) 64-Bit Server VM (23.0.1+11-39, mixed mode, sharing, tiered, compressed oops, compressed class ptrs, g1 gc, windows-amd64)
GC Precious Log:
 CardTable entry size: 512
 Card Set container configuration: InlinePtr #cards 4 size 8 Array Of Cards #cards 32 size 80 Howl #buckets 8 coarsen threshold 7372 Howl Bitmap #cards 1024 size 144 coarsen threshold 921 Card regions per heap region 1 cards per card region 8192
 CPUs: 8 total, 8 available
 Memory: 8089M
 Large Page Support: Disabled
 NUMA Support: Disabled
 Compressed Oops: Enabled (Zero based)
 Heap Region Size: 4M
 Heap Min Capacity: 8M
 Heap Initial Capacity: 128M
 Heap Max Capacity: 8G
 Pre-touch: Disabled
 Parallel Workers: 8
 Concurrent Workers: 2
 Concurrent Refinement Workers: 8
 Periodic GC: Disabled
Heap:
 garbage-first heap   total reserved 8388608K, committed 294912K, used 121995K [0x0000000600000000, 0x0000000800000000)
  region size 4096K, 1 young (4096K), 1 survivors (4096K)
 Metaspace       used 82501K, committed 84736K, reserved 1179648K
  class space    used 11878K, committed 12928K, reserved 1048576K
GC Heap History (20 events):
Event: 32.945 GC heap after
{Heap after GC invocations=38 (full 0):
 garbage-first heap   total reserved 8388608K, committed 270336K, used 82665K [0x0000000600000000, 0x0000000800000000)
  region size 4096K, 1 young (4096K), 1 survivors (4096K)
 Metaspace       used 79917K, committed 82112K, reserved 1179648K
  class space    used 11761K, committed 12800K, reserved 1048576K
}
Event: 1610.313 GC heap before
{Heap before GC invocations=38 (full 0):
 garbage-first heap   total reserved 8388608K, committed 270336K, used 234217K [0x0000000600000000, 0x0000000800000000)
  region size 4096K, 39 young (159744K), 1 survivors (4096K)
 Metaspace       used 80710K, committed 82880K, reserved 1179648K
  class space    used 11842K, committed 12864K, reserved 1048576K
}
Event: 1610.321 GC heap after
{Heap after GC invocations=39 (full 0):
 garbage-first heap   total reserved 8388608K, committed 270336K, used 91946K [0x0000000600000000, 0x0000000800000000)
  region size 4096K, 4 young (16384K), 4 survivors (16384K)
 Metaspace       used 80710K, committed 82880K, reserved 1179648K
  class space    used 11842K, committed 12864K, reserved 1048576K
}
Event: 1612.243 GC heap before
{Heap before GC invocations=39 (full 0):
 garbage-first heap   total reserved 8388608K, committed 270336K, used 194346K [0x0000000600000000, 0x0000000800000000)
  region size 4096K, 29 young (118784K), 4 survivors (16384K)
 Metaspace       used 81260K, committed 83456K, reserved 1179648K
  class space    used 11845K, committed 12864K, reserved 1048576K
}
Event: 1612.257 GC heap after
{Heap after GC invocations=40 (full 0):
 garbage-first heap   total reserved 8388608K, committed 270336K, used 99454K [0x0000000600000000, 0x0000000800000000)
  region size 4096K, 3 young (12288K), 3 survivors (12288K)
 Metaspace       used 81260K, committed 83456K, reserved 1179648K
  class space    used 11845K, committed 12864K, reserved 1048576K
}
Event: 1612.406 GC heap before
{Heap before GC invocations=40 (full 0):
 garbage-first heap   total reserved 8388608K, committed 270336K, used 140414K [0x0000000600000000, 0x0000000800000000)
  region size 4096K, 14 young (57344K), 3 survivors (12288K)
 Metaspace       used 81341K, committed 83520K, reserved 1179648K
  class space    used 11845K, committed 12864K, reserved 1048576K
}
Event: 1612.413 GC heap after
{Heap after GC invocations=41 (full 0):
 garbage-first heap   total reserved 8388608K, committed 270336K, used 102110K [0x0000000600000000, 0x0000000800000000)
  region size 4096K, 3 young (12288K), 3 survivors (12288K)
 Metaspace       used 81341K, committed 83520K, reserved 1179648K
  class space    used 11845K, committed 12864K, reserved 1048576K
}
Event: 1612.826 GC heap before
{Heap before GC invocations=42 (full 0):
 garbage-first heap   total reserved 8388608K, committed 270336K, used 256734K [0x0000000600000000, 0x0000000800000000)
  region size 4096K, 31 young (126976K), 3 survivors (12288K)
 Metaspace       used 81355K, committed 83520K, reserved 1179648K
  class space    used 11846K, committed 12864K, reserved 1048576K
}
Event: 1612.833 GC heap after
{Heap after GC invocations=43 (full 0):
 garbage-first heap   total reserved 8388608K, committed 278528K, used 100383K [0x0000000600000000, 0x0000000800000000)
  region size 4096K, 2 young (8192K), 2 survivors (8192K)
 Metaspace       used 81355K, committed 83520K, reserved 1179648K
  class space    used 11846K, committed 12864K, reserved 1048576K
}
Event: 1615.156 GC heap before
{Heap before GC invocations=43 (full 0):
 garbage-first heap   total reserved 8388608K, committed 278528K, used 223263K [0x0000000600000000, 0x0000000800000000)
  region size 4096K, 33 young (135168K), 2 survivors (8192K)
 Metaspace       used 81631K, committed 83904K, reserved 1179648K
  class space    used 11858K, committed 12928K, reserved 1048576K
}
Event: 1615.164 GC heap after
{Heap after GC invocations=44 (full 0):
 garbage-first heap   total reserved 8388608K, committed 278528K, used 101599K [0x0000000600000000, 0x0000000800000000)
  region size 4096K, 4 young (16384K), 4 survivors (16384K)
 Metaspace       used 81631K, committed 83904K, reserved 1179648K
  class space    used 11858K, committed 12928K, reserved 1048576K
}
Event: 1615.977 GC heap before
{Heap before GC invocations=44 (full 0):
 garbage-first heap   total reserved 8388608K, committed 278528K, used 208095K [0x0000000600000000, 0x0000000800000000)
  region size 4096K, 32 young (131072K), 4 survivors (16384K)
 Metaspace       used 82144K, committed 84352K, reserved 1179648K
  class space    used 11877K, committed 12928K, reserved 1048576K
}
Event: 1615.987 GC heap after
{Heap after GC invocations=45 (full 0):
 garbage-first heap   total reserved 8388608K, committed 278528K, used 109315K [0x0000000600000000, 0x0000000800000000)
  region size 4096K, 2 young (8192K), 2 survivors (8192K)
 Metaspace       used 82144K, committed 84352K, reserved 1179648K
  class space    used 11877K, committed 12928K, reserved 1048576K
}
Event: 1616.322 GC heap before
{Heap before GC invocations=46 (full 0):
 garbage-first heap   total reserved 8388608K, committed 278528K, used 277251K [0x0000000600000000, 0x0000000800000000)
  region size 4096K, 31 young (126976K), 2 survivors (8192K)
 Metaspace       used 82157K, committed 84416K, reserved 1179648K
  class space    used 11877K, committed 12928K, reserved 1048576K
}
Event: 1617.338 GC heap after
{Heap after GC invocations=47 (full 0):
 garbage-first heap   total reserved 8388608K, committed 294912K, used 114862K [0x0000000600000000, 0x0000000800000000)
  region size 4096K, 4 young (16384K), 4 survivors (16384K)
 Metaspace       used 82157K, committed 84416K, reserved 1179648K
  class space    used 11877K, committed 12928K, reserved 1048576K
}
Event: 1624.914 GC heap before
{Heap before GC invocations=47 (full 0):
 garbage-first heap   total reserved 8388608K, committed 294912K, used 245934K [0x0000000600000000, 0x0000000800000000)
  region size 4096K, 37 young (151552K), 4 survivors (16384K)
 Metaspace       used 82489K, committed 84736K, reserved 1179648K
  class space    used 11878K, committed 12928K, reserved 1048576K
}
Event: 1624.928 GC heap after
{Heap after GC invocations=48 (full 0):
 garbage-first heap   total reserved 8388608K, committed 294912K, used 119812K [0x0000000600000000, 0x0000000800000000)
  region size 4096K, 4 young (16384K), 4 survivors (16384K)
 Metaspace       used 82489K, committed 84736K, reserved 1179648K
  class space    used 11878K, committed 12928K, reserved 1048576K
}
Event: 1624.943 GC heap before
{Heap before GC invocations=48 (full 0):
 garbage-first heap   total reserved 8388608K, committed 294912K, used 123908K [0x0000000600000000, 0x0000000800000000)
  region size 4096K, 5 young (20480K), 4 survivors (16384K)
 Metaspace       used 82496K, committed 84736K, reserved 1179648K
  class space    used 11878K, committed 12928K, reserved 1048576K
}
Event: 1624.949 GC heap after
{Heap after GC invocations=49 (full 0):
 garbage-first heap   total reserved 8388608K, committed 294912K, used 119862K [0x0000000600000000, 0x0000000800000000)
  region size 4096K, 1 young (4096K), 1 survivors (4096K)
 Metaspace       used 82496K, committed 84736K, reserved 1179648K
  class space    used 11878K, committed 12928K, reserved 1048576K
}
Event: 1625.098 GC heap before
{Heap before GC invocations=50 (full 0):
 garbage-first heap   total reserved 8388608K, committed 294912K, used 169014K [0x0000000600000000, 0x0000000800000000)
  region size 4096K, 14 young (57344K), 1 survivors (4096K)
 Metaspace       used 82501K, committed 84736K, reserved 1179648K
  class space    used 11878K, committed 12928K, reserved 1048576K
}

