# JRE version: Java(TM) SE Runtime Environment (23.0.1+11) (build 23.0.1+11-39)
# Java VM: Java HotSpot(TM) 64-Bit Server VM (23.0.1+11-39, mixed mode, sharing, tiered, compressed oops, compressed class ptrs, g1 gc, windows-amd64)
GC Precious Log:
 CardTable entry size: 512
 Card Set container configuration: InlinePtr #cards 4 size 8 Array Of Cards #cards 32 size 80 Howl #buckets 8 coarsen threshold 7372 Howl Bitmap #cards 1024 size 144 coarsen threshold 921 Card regions per heap region 1 cards per card region 8192
 CPUs: 8 total, 8 available
 Memory: 8089M
 Large Page Support: Disabled
 NUMA Support: Disabled
 Compressed Oops: Enabled (Zero based)
 Heap Region Size: 4M
 Heap Min Capacity: 8M
 Heap Initial Capacity: 128M
 Heap Max Capacity: 8G
 Pre-touch: Disabled
 Parallel Workers: 8
 Concurrent Workers: 2
 Concurrent Refinement Workers: 8
 Periodic GC: Disabled
Heap:
 garbage-first heap   total reserved 8388608K, committed 413696K, used 199907K [0x0000000600000000, 0x0000000800000000)
  region size 4096K, 18 young (73728K), 5 survivors (20480K)
 Metaspace       used 87859K, committed 90304K, reserved 1179648K
  class space    used 12671K, committed 13824K, reserved 1048576K
GC Heap History (20 events):
Event: 63.819 GC heap before
{Heap before GC invocations=42 (full 0):
 garbage-first heap   total reserved 8388608K, committed 200704K, used 174392K [0x0000000600000000, 0x0000000800000000)
  region size 4096K, 15 young (61440K), 1 survivors (4096K)
 Metaspace       used 85093K, committed 87360K, reserved 1179648K
  class space    used 12445K, committed 13504K, reserved 1048576K
}
Event: 63.825 GC heap after
{Heap after GC invocations=43 (full 0):
 garbage-first heap   total reserved 8388608K, committed 200704K, used 85760K [0x0000000600000000, 0x0000000800000000)
  region size 4096K, 2 young (8192K), 2 survivors (8192K)
 Metaspace       used 85093K, committed 87360K, reserved 1179648K
  class space    used 12445K, committed 13504K, reserved 1048576K
}
Event: 64.451 GC heap before
{Heap before GC invocations=43 (full 0):
 garbage-first heap   total reserved 8388608K, committed 200704K, used 171776K [0x0000000600000000, 0x0000000800000000)
  region size 4096K, 24 young (98304K), 2 survivors (8192K)
 Metaspace       used 85223K, committed 87552K, reserved 1179648K
  class space    used 12460K, committed 13568K, reserved 1048576K
}
Event: 64.458 GC heap after
{Heap after GC invocations=44 (full 0):
 garbage-first heap   total reserved 8388608K, committed 200704K, used 93849K [0x0000000600000000, 0x0000000800000000)
  region size 4096K, 3 young (12288K), 3 survivors (12288K)
 Metaspace       used 85223K, committed 87552K, reserved 1179648K
  class space    used 12460K, committed 13568K, reserved 1048576K
}
Event: 67.465 GC heap before
{Heap before GC invocations=45 (full 0):
 garbage-first heap   total reserved 8388608K, committed 200704K, used 159385K [0x0000000600000000, 0x0000000800000000)
  region size 4096K, 20 young (81920K), 3 survivors (12288K)
 Metaspace       used 85788K, committed 88128K, reserved 1179648K
  class space    used 12511K, committed 13632K, reserved 1048576K
}
Event: 67.472 GC heap after
{Heap after GC invocations=46 (full 0):
 garbage-first heap   total reserved 8388608K, committed 200704K, used 97292K [0x0000000600000000, 0x0000000800000000)
  region size 4096K, 3 young (12288K), 3 survivors (12288K)
 Metaspace       used 85788K, committed 88128K, reserved 1179648K
  class space    used 12511K, committed 13632K, reserved 1048576K
}
Event: 68.430 GC heap before
{Heap before GC invocations=46 (full 0):
 garbage-first heap   total reserved 8388608K, committed 200704K, used 166924K [0x0000000600000000, 0x0000000800000000)
  region size 4096K, 20 young (81920K), 3 survivors (12288K)
 Metaspace       used 86151K, committed 88448K, reserved 1179648K
  class space    used 12542K, committed 13632K, reserved 1048576K
}
Event: 68.448 GC heap after
{Heap after GC invocations=47 (full 0):
 garbage-first heap   total reserved 8388608K, committed 200704K, used 101221K [0x0000000600000000, 0x0000000800000000)
  region size 4096K, 2 young (8192K), 2 survivors (8192K)
 Metaspace       used 86151K, committed 88448K, reserved 1179648K
  class space    used 12542K, committed 13632K, reserved 1048576K
}
Event: 68.604 GC heap before
{Heap before GC invocations=47 (full 0):
 garbage-first heap   total reserved 8388608K, committed 200704K, used 129893K [0x0000000600000000, 0x0000000800000000)
  region size 4096K, 11 young (45056K), 2 survivors (8192K)
 Metaspace       used 86217K, committed 88576K, reserved 1179648K
  class space    used 12543K, committed 13632K, reserved 1048576K
}
Event: 68.612 GC heap after
{Heap after GC invocations=48 (full 0):
 garbage-first heap   total reserved 8388608K, committed 200704K, used 103670K [0x0000000600000000, 0x0000000800000000)
  region size 4096K, 2 young (8192K), 2 survivors (8192K)
 Metaspace       used 86217K, committed 88576K, reserved 1179648K
  class space    used 12543K, committed 13632K, reserved 1048576K
}
Event: 68.824 GC heap before
{Heap before GC invocations=49 (full 0):
 garbage-first heap   total reserved 8388608K, committed 225280K, used 222454K [0x0000000600000000, 0x0000000800000000)
  region size 4096K, 19 young (77824K), 2 survivors (8192K)
 Metaspace       used 86228K, committed 88576K, reserved 1179648K
  class space    used 12543K, committed 13632K, reserved 1048576K
}
Event: 68.834 GC heap after
{Heap after GC invocations=50 (full 0):
 garbage-first heap   total reserved 8388608K, committed 233472K, used 108443K [0x0000000600000000, 0x0000000800000000)
  region size 4096K, 1 young (4096K), 1 survivors (4096K)
 Metaspace       used 86228K, committed 88576K, reserved 1179648K
  class space    used 12543K, committed 13632K, reserved 1048576K
}
Event: 69.140 GC heap before
{Heap before GC invocations=50 (full 0):
 garbage-first heap   total reserved 8388608K, committed 233472K, used 198555K [0x0000000600000000, 0x0000000800000000)
  region size 4096K, 23 young (94208K), 1 survivors (4096K)
 Metaspace       used 86241K, committed 88576K, reserved 1179648K
  class space    used 12543K, committed 13632K, reserved 1048576K
}
Event: 69.147 GC heap after
{Heap after GC invocations=51 (full 0):
 garbage-first heap   total reserved 8388608K, committed 413696K, used 97118K [0x0000000600000000, 0x0000000800000000)
  region size 4096K, 2 young (8192K), 2 survivors (8192K)
 Metaspace       used 86241K, committed 88576K, reserved 1179648K
  class space    used 12543K, committed 13632K, reserved 1048576K
}
Event: 1635.755 GC heap before
{Heap before GC invocations=51 (full 0):
 garbage-first heap   total reserved 8388608K, committed 413696K, used 314206K [0x0000000600000000, 0x0000000800000000)
  region size 4096K, 56 young (229376K), 2 survivors (8192K)
 Metaspace       used 87485K, committed 89856K, reserved 1179648K
  class space    used 12622K, committed 13760K, reserved 1048576K
}
Event: 1635.877 GC heap after
{Heap after GC invocations=52 (full 0):
 garbage-first heap   total reserved 8388608K, committed 413696K, used 120832K [0x0000000600000000, 0x0000000800000000)
  region size 4096K, 7 young (28672K), 7 survivors (28672K)
 Metaspace       used 87485K, committed 89856K, reserved 1179648K
  class space    used 12622K, committed 13760K, reserved 1048576K
}
Event: 1636.759 GC heap before
{Heap before GC invocations=52 (full 0):
 garbage-first heap   total reserved 8388608K, committed 413696K, used 124928K [0x0000000600000000, 0x0000000800000000)
  region size 4096K, 10 young (40960K), 7 survivors (28672K)
 Metaspace       used 87505K, committed 89856K, reserved 1179648K
  class space    used 12622K, committed 13760K, reserved 1048576K
}
Event: 1636.810 GC heap after
{Heap after GC invocations=53 (full 0):
 garbage-first heap   total reserved 8388608K, committed 413696K, used 122017K [0x0000000600000000, 0x0000000800000000)
  region size 4096K, 1 young (4096K), 1 survivors (4096K)
 Metaspace       used 87505K, committed 89856K, reserved 1179648K
  class space    used 12622K, committed 13760K, reserved 1048576K
}
Event: 1637.270 GC heap before
{Heap before GC invocations=54 (full 0):
 garbage-first heap   total reserved 8388608K, committed 413696K, used 355489K [0x0000000600000000, 0x0000000800000000)
  region size 4096K, 47 young (192512K), 1 survivors (4096K)
 Metaspace       used 87507K, committed 89856K, reserved 1179648K
  class space    used 12623K, committed 13760K, reserved 1048576K
}
Event: 1637.275 GC heap after
{Heap after GC invocations=55 (full 0):
 garbage-first heap   total reserved 8388608K, committed 413696K, used 150755K [0x0000000600000000, 0x0000000800000000)
  region size 4096K, 5 young (20480K), 5 survivors (20480K)
 Metaspace       used 87507K, committed 89856K, reserved 1179648K
  class space    used 12623K, committed 13760K, reserved 1048576K
}

