# JRE version: Java(TM) SE Runtime Environment (23.0.1+11) (build 23.0.1+11-39)
# Java VM: Java HotSpot(TM) 64-Bit Server VM (23.0.1+11-39, mixed mode, sharing, tiered, compressed oops, compressed class ptrs, g1 gc, windows-amd64)
GC Precious Log:
 CardTable entry size: 512
 Card Set container configuration: InlinePtr #cards 4 size 8 Array Of Cards #cards 32 size 80 Howl #buckets 8 coarsen threshold 7372 Howl Bitmap #cards 1024 size 144 coarsen threshold 921 Card regions per heap region 1 cards per card region 8192
 CPUs: 8 total, 8 available
 Memory: 8089M
 Large Page Support: Disabled
 NUMA Support: Disabled
 Compressed Oops: Enabled (Zero based)
 Heap Region Size: 4M
 Heap Min Capacity: 8M
 Heap Initial Capacity: 128M
 Heap Max Capacity: 8G
 Pre-touch: Disabled
 Parallel Workers: 8
 Concurrent Workers: 2
 Concurrent Refinement Workers: 8
 Periodic GC: Disabled
Heap:
 garbage-first heap   total reserved 8388608K, committed 131072K, used 76189K [0x0000000600000000, 0x0000000800000000)
  region size 4096K, 1 young (4096K), 1 survivors (4096K)
 Metaspace       used 77774K, committed 79936K, reserved 1179648K
  class space    used 11440K, committed 12480K, reserved 1048576K
GC Heap History (20 events):
Event: 19.615 GC heap after
{Heap after GC invocations=20 (full 0):
 garbage-first heap   total reserved 8388608K, committed 98304K, used 55845K [0x0000000600000000, 0x0000000800000000)
  region size 4096K, 1 young (4096K), 1 survivors (4096K)
 Metaspace       used 63705K, committed 65728K, reserved 1114112K
  class space    used 9366K, committed 10304K, reserved 1048576K
}
Event: 20.347 GC heap before
{Heap before GC invocations=20 (full 0):
 garbage-first heap   total reserved 8388608K, committed 98304K, used 80421K [0x0000000600000000, 0x0000000800000000)
  region size 4096K, 7 young (28672K), 1 survivors (4096K)
 Metaspace       used 66511K, committed 68416K, reserved 1114112K
  class space    used 9726K, committed 10624K, reserved 1048576K
}
Event: 20.350 GC heap after
{Heap after GC invocations=21 (full 0):
 garbage-first heap   total reserved 8388608K, committed 98304K, used 56609K [0x0000000600000000, 0x0000000800000000)
  region size 4096K, 1 young (4096K), 1 survivors (4096K)
 Metaspace       used 66511K, committed 68416K, reserved 1114112K
  class space    used 9726K, committed 10624K, reserved 1048576K
}
Event: 20.880 GC heap before
{Heap before GC invocations=22 (full 0):
 garbage-first heap   total reserved 8388608K, committed 102400K, used 81185K [0x0000000600000000, 0x0000000800000000)
  region size 4096K, 7 young (28672K), 1 survivors (4096K)
 Metaspace       used 68218K, committed 70144K, reserved 1114112K
  class space    used 9956K, committed 10880K, reserved 1048576K
}
Event: 20.883 GC heap after
{Heap after GC invocations=23 (full 0):
 garbage-first heap   total reserved 8388608K, committed 102400K, used 57833K [0x0000000600000000, 0x0000000800000000)
  region size 4096K, 1 young (4096K), 1 survivors (4096K)
 Metaspace       used 68218K, committed 70144K, reserved 1114112K
  class space    used 9956K, committed 10880K, reserved 1048576K
}
Event: 21.466 GC heap before
{Heap before GC invocations=23 (full 0):
 garbage-first heap   total reserved 8388608K, committed 102400K, used 86505K [0x0000000600000000, 0x0000000800000000)
  region size 4096K, 8 young (32768K), 1 survivors (4096K)
 Metaspace       used 69891K, committed 71872K, reserved 1114112K
  class space    used 10208K, committed 11136K, reserved 1048576K
}
Event: 21.472 GC heap after
{Heap after GC invocations=24 (full 0):
 garbage-first heap   total reserved 8388608K, committed 102400K, used 62753K [0x0000000600000000, 0x0000000800000000)
  region size 4096K, 1 young (4096K), 1 survivors (4096K)
 Metaspace       used 69891K, committed 71872K, reserved 1114112K
  class space    used 10208K, committed 11136K, reserved 1048576K
}
Event: 21.981 GC heap before
{Heap before GC invocations=24 (full 0):
 garbage-first heap   total reserved 8388608K, committed 102400K, used 87329K [0x0000000600000000, 0x0000000800000000)
  region size 4096K, 7 young (28672K), 1 survivors (4096K)
 Metaspace       used 71294K, committed 73280K, reserved 1114112K
  class space    used 10410K, committed 11328K, reserved 1048576K
}
Event: 21.985 GC heap after
{Heap after GC invocations=25 (full 0):
 garbage-first heap   total reserved 8388608K, committed 102400K, used 64482K [0x0000000600000000, 0x0000000800000000)
  region size 4096K, 1 young (4096K), 1 survivors (4096K)
 Metaspace       used 71294K, committed 73280K, reserved 1114112K
  class space    used 10410K, committed 11328K, reserved 1048576K
}
Event: 22.555 GC heap before
{Heap before GC invocations=26 (full 0):
 garbage-first heap   total reserved 8388608K, committed 118784K, used 84962K [0x0000000600000000, 0x0000000800000000)
  region size 4096K, 6 young (24576K), 1 survivors (4096K)
 Metaspace       used 72623K, committed 74688K, reserved 1114112K
  class space    used 10605K, committed 11584K, reserved 1048576K
}
Event: 22.560 GC heap after
{Heap after GC invocations=27 (full 0):
 garbage-first heap   total reserved 8388608K, committed 118784K, used 65692K [0x0000000600000000, 0x0000000800000000)
  region size 4096K, 1 young (4096K), 1 survivors (4096K)
 Metaspace       used 72623K, committed 74688K, reserved 1114112K
  class space    used 10605K, committed 11584K, reserved 1048576K
}
Event: 23.588 GC heap before
{Heap before GC invocations=27 (full 0):
 garbage-first heap   total reserved 8388608K, committed 118784K, used 102556K [0x0000000600000000, 0x0000000800000000)
  region size 4096K, 10 young (40960K), 1 survivors (4096K)
 Metaspace       used 75205K, committed 77376K, reserved 1114112K
  class space    used 11007K, committed 12032K, reserved 1048576K
}
Event: 23.595 GC heap after
{Heap after GC invocations=28 (full 0):
 garbage-first heap   total reserved 8388608K, committed 118784K, used 68324K [0x0000000600000000, 0x0000000800000000)
  region size 4096K, 2 young (8192K), 2 survivors (8192K)
 Metaspace       used 75205K, committed 77376K, reserved 1114112K
  class space    used 11007K, committed 12032K, reserved 1048576K
}
Event: 24.503 GC heap before
{Heap before GC invocations=29 (full 0):
 garbage-first heap   total reserved 8388608K, committed 122880K, used 92900K [0x0000000600000000, 0x0000000800000000)
  region size 4096K, 9 young (36864K), 2 survivors (8192K)
 Metaspace       used 76888K, committed 79040K, reserved 1179648K
  class space    used 11304K, committed 12352K, reserved 1048576K
}
Event: 24.514 GC heap after
{Heap after GC invocations=30 (full 0):
 garbage-first heap   total reserved 8388608K, committed 122880K, used 70482K [0x0000000600000000, 0x0000000800000000)
  region size 4096K, 2 young (8192K), 2 survivors (8192K)
 Metaspace       used 76888K, committed 79040K, reserved 1179648K
  class space    used 11304K, committed 12352K, reserved 1048576K
}
Event: 25.300 GC heap before
{Heap before GC invocations=30 (full 0):
 garbage-first heap   total reserved 8388608K, committed 122880K, used 99154K [0x0000000600000000, 0x0000000800000000)
  region size 4096K, 10 young (40960K), 2 survivors (8192K)
 Metaspace       used 77591K, committed 79808K, reserved 1179648K
  class space    used 11435K, committed 12480K, reserved 1048576K
}
Event: 25.307 GC heap after
{Heap after GC invocations=31 (full 0):
 garbage-first heap   total reserved 8388608K, committed 122880K, used 73888K [0x0000000600000000, 0x0000000800000000)
  region size 4096K, 2 young (8192K), 2 survivors (8192K)
 Metaspace       used 77591K, committed 79808K, reserved 1179648K
  class space    used 11435K, committed 12480K, reserved 1048576K
}
Event: 25.424 GC heap before
{Heap before GC invocations=32 (full 0):
 garbage-first heap   total reserved 8388608K, committed 131072K, used 98464K [0x0000000600000000, 0x0000000800000000)
  region size 4096K, 9 young (36864K), 2 survivors (8192K)
 Metaspace       used 77639K, committed 79808K, reserved 1179648K
  class space    used 11436K, committed 12480K, reserved 1048576K
}
Event: 25.431 GC heap after
{Heap after GC invocations=33 (full 0):
 garbage-first heap   total reserved 8388608K, committed 131072K, used 75811K [0x0000000600000000, 0x0000000800000000)
  region size 4096K, 2 young (8192K), 2 survivors (8192K)
 Metaspace       used 77639K, committed 79808K, reserved 1179648K
  class space    used 11436K, committed 12480K, reserved 1048576K
}
Event: 25.614 GC heap before
{Heap before GC invocations=33 (full 0):
 garbage-first heap   total reserved 8388608K, committed 131072K, used 100387K [0x0000000600000000, 0x0000000800000000)
  region size 4096K, 9 young (36864K), 2 survivors (8192K)
 Metaspace       used 77774K, committed 79936K, reserved 1179648K
  class space    used 11440K, committed 12480K, reserved 1048576K
}

